<?xml version="1.0" encoding="UTF-8"?>
<!-- Generated by org.testng.reporters.JUnitReportReporter -->
<testsuite hostname="LAPTOP-0SJ3B8VU" failures="0" tests="7" name="com.employess.testCases.TC_001_GETMethod" time="0.014" errors="0" timestamp="2021-10-13T20:59:55 IST" skipped="0">
  <testcase classname="com.employess.testCases.TC_001_GETMethod" name="checkServerType" time="0.003"/>
  <system-out/>
  <testcase classname="com.employess.testCases.TC_001_GETMethod" name="checkStatusLine" time="0.002"/>
  <system-out/>
  <testcase classname="com.employess.testCases.TC_001_GETMethod" name="checkXPoweredBy" time="0.003"/>
  <system-out/>
  <testcase classname="com.employess.testCases.TC_001_GETMethod" name="checkResponseTime" time="0.002"/>
  <system-out/>
  <testcase classname="com.employess.testCases.TC_001_GETMethod" name="checkResponseBody" time="0.002"/>
  <system-out/>
  <testcase classname="com.employess.testCases.TC_001_GETMethod" name="checkContentType" time="0.001"/>
  <system-out/>
  <testcase classname="com.employess.testCases.TC_001_GETMethod" name="checkStatusCode" time="0.001"/>
  <system-out/>
</testsuite> <!-- com.employess.testCases.TC_001_GETMethod -->
