<?xml version="1.0" encoding="UTF-8"?>
<!-- Generated by org.testng.reporters.JUnitReportReporter -->
<testsuite hostname="LAPTOP-0SJ3B8VU" failures="0" tests="1" name="TC_005_GET_ValidatingJsonResponse" time="2.283" errors="0" timestamp="2021-10-12T19:28:36 IST" skipped="0">
  <testcase classname="TC_005_GET_ValidatingJsonResponse" name="getHeaderDetails" time="2.283"/>
  <system-out/>
</testsuite> <!-- TC_005_GET_ValidatingJsonResponse -->
