<?xml version="1.0" encoding="UTF-8"?>
<!-- Generated by org.testng.reporters.JUnitReportReporter -->
<testsuite hostname="LAPTOP-0SJ3B8VU" failures="0" tests="1" name="TC_008_DataDriver" time="6.606" errors="0" timestamp="2021-10-13T20:37:50 IST" skipped="0">
  <testcase classname="TC_008_DataDriver" name="DataDriver" time="6.606"/>
  <system-out/>
</testsuite> <!-- TC_008_DataDriver -->
