<?xml version="1.0" encoding="UTF-8"?>
<!-- Generated by org.testng.reporters.JUnitReportReporter -->
<testsuite hostname="LAPTOP-0SJ3B8VU" failures="0" tests="1" name="TC_001_GET_Request" time="2.831" errors="0" timestamp="2021-10-12T18:51:36 IST" skipped="0">
  <testcase classname="TC_001_GET_Request" name="getWeatherDetails" time="2.831"/>
  <system-out/>
</testsuite> <!-- TC_001_GET_Request -->
