<?xml version="1.0" encoding="UTF-8"?>
<!-- Generated by org.testng.reporters.JUnitReportReporter -->
<testsuite hostname="LAPTOP-0SJ3B8VU" failures="0" tests="1" name="TC_004_GET_Request_PrintAllHeaader" time="2.413" errors="0" timestamp="2021-10-12T19:12:48 IST" skipped="0">
  <testcase classname="TC_004_GET_Request_PrintAllHeaader" name="printAllHeader" time="2.413"/>
  <system-out/>
</testsuite> <!-- TC_004_GET_Request_PrintAllHeaader -->
