<?xml version="1.0" encoding="UTF-8"?>
<!-- Generated by org.testng.reporters.JUnitReportReporter -->
<testsuite hostname="LAPTOP-0SJ3B8VU" failures="0" tests="1" name="TC_006_GET_ExtractValueFronResponse" time="3.062" errors="0" timestamp="2021-10-13T15:32:06 IST" skipped="0">
  <testcase classname="TC_006_GET_ExtractValueFronResponse" name="ExtractValueFronResponse" time="3.062"/>
  <system-out/>
</testsuite> <!-- TC_006_GET_ExtractValueFronResponse -->
