<?xml version="1.0" encoding="UTF-8"?>
<!-- Generated by org.testng.reporters.JUnitReportReporter -->
<testsuite hostname="LAPTOP-0SJ3B8VU" failures="0" tests="1" name="TC_007_AuthenticationAPI" time="4.196" errors="0" timestamp="2021-10-12T20:07:45 IST" skipped="0">
  <testcase classname="TC_007_AuthenticationAPI" name="AuthenticationAPI" time="4.196"/>
  <system-out/>
</testsuite> <!-- TC_007_AuthenticationAPI -->
