<?xml version="1.0" encoding="UTF-8"?>
<!-- Generated by org.testng.reporters.JUnitReportReporter -->
<testsuite hostname="LAPTOP-0SJ3B8VU" failures="0" tests="7" name="com.employess.testCases.TC_002_GETMethod_SingleUser" time="0.062" errors="0" timestamp="2021-10-13T20:59:55 IST" skipped="0">
  <testcase classname="com.employess.testCases.TC_002_GETMethod_SingleUser" name="checkResponseTime" time="0.004"/>
  <system-out/>
  <testcase classname="com.employess.testCases.TC_002_GETMethod_SingleUser" name="checkContentType" time="0.020"/>
  <system-out/>
  <testcase classname="com.employess.testCases.TC_002_GETMethod_SingleUser" name="checkStatusLine" time="0.003"/>
  <system-out/>
  <testcase classname="com.employess.testCases.TC_002_GETMethod_SingleUser" name="checkStatusCode" time="0.003"/>
  <system-out/>
  <testcase classname="com.employess.testCases.TC_002_GETMethod_SingleUser" name="checkServerType" time="0.002"/>
  <system-out/>
  <testcase classname="com.employess.testCases.TC_002_GETMethod_SingleUser" name="checkXPoweredBy" time="0.002"/>
  <system-out/>
  <testcase classname="com.employess.testCases.TC_002_GETMethod_SingleUser" name="checkResponseBody" time="0.028"/>
  <system-out/>
</testsuite> <!-- com.employess.testCases.TC_002_GETMethod_SingleUser -->
