<?xml version="1.0" encoding="UTF-8"?>
<!-- Generated by org.testng.reporters.JUnitReportReporter -->
<testsuite hostname="LAPTOP-0SJ3B8VU" failures="0" tests="1" name="TC_003_GET_GoogleMapTest" time="2.671" errors="0" timestamp="2021-10-12T19:11:35 IST" skipped="0">
  <testcase classname="TC_003_GET_GoogleMapTest" name="googleMapApi" time="2.671"/>
  <system-out/>
</testsuite> <!-- TC_003_GET_GoogleMapTest -->
