<?xml version="1.0" encoding="UTF-8"?>
<!-- Generated by org.testng.reporters.JUnitReportReporter -->
<testsuite hostname="LAPTOP-0SJ3B8VU" failures="0" tests="1" name="TC_002_POST_Request" time="2.518" errors="0" timestamp="2021-10-12T18:35:38 IST" skipped="0">
  <testcase classname="TC_002_POST_Request" name="postMethod" time="2.518"/>
  <system-out/>
</testsuite> <!-- TC_002_POST_Request -->
